{
  "0 debug pnpm:scope": {
    "selected": 1
  },
  "1 error pnpm": {
    "code": "ELIFECYCLE",
    "errno": "ENOENT",
    "syscall": "spawn",
    "file": "sh",
    "pkgid": "lodash-ts@1.0.0",
    "stage": "test",
    "script": "vitest",
    "pkgname": "lodash-ts",
    "err": {
      "name": "pnpm",
      "message": "lodash-ts@1.0.0 test: `vitest`\nspawn ENOENT",
      "code": "ELIFECYCLE",
      "stack": "pnpm: lodash-ts@1.0.0 test: `vitest`\nspawn ENOENT\n    at ChildProcess.<anonymous> (/Users/olive/.nvm/versions/node/v16.14.2/lib/node_modules/pnpm/dist/pnpm.cjs:92278:22)\n    at ChildProcess.emit (node:events:526:28)\n    at maybeClose (node:internal/child_process:1092:16)\n    at Process.ChildProcess._handle.onexit (node:internal/child_process:302:5)"
    }
  },
  "2 warn pnpm:global": " Local package.json exists, but node_modules missing, did you mean to install?"
}